0 info it worked if it ends with ok
1 verbose cli [ '/Users/t.kallio/.nvm/versions/node/v5.5.0/bin/node',
1 verbose cli   '/Users/t.kallio/.nvm/versions/node/v5.5.0/bin/npm',
1 verbose cli   'start' ]
2 info using npm@3.8.0
3 info using node@v5.5.0
4 verbose run-script [ 'prestart', 'start', 'poststart' ]
5 info lifecycle @~prestart: @
6 silly lifecycle @~prestart: no script for prestart, continuing
7 info lifecycle @~start: @
8 verbose lifecycle @~start: unsafe-perm in lifecycle true
9 verbose lifecycle @~start: PATH: /Users/t.kallio/.nvm/versions/node/v5.5.0/lib/node_modules/npm/bin/node-gyp-bin:/Users/t.kallio/Projects/tmp/react-fullstack/node_modules/.bin:/Users/t.kallio/.nvm/versions/node/v5.5.0/bin:/Users/t.kallio/.nvm/versions/node/v5.5.0/bin:/usr/local/bin:/usr/bin:/bin:/usr/sbin:/sbin:/opt/X11/bin:/Users/t.kallio/Tools/bin
10 verbose lifecycle @~start: CWD: /Users/t.kallio/Projects/tmp/react-fullstack
11 silly lifecycle @~start: Args: [ '-c', 'node tools/run start' ]
12 silly lifecycle @~start: Returned: code: 1  signal: null
13 info lifecycle @~start: Failed to exec start script
14 verbose stack Error: @ start: `node tools/run start`
14 verbose stack Exit status 1
14 verbose stack     at EventEmitter.<anonymous> (/Users/t.kallio/.nvm/versions/node/v5.5.0/lib/node_modules/npm/lib/utils/lifecycle.js:239:16)
14 verbose stack     at emitTwo (events.js:100:13)
14 verbose stack     at EventEmitter.emit (events.js:185:7)
14 verbose stack     at ChildProcess.<anonymous> (/Users/t.kallio/.nvm/versions/node/v5.5.0/lib/node_modules/npm/lib/utils/spawn.js:24:14)
14 verbose stack     at emitTwo (events.js:100:13)
14 verbose stack     at ChildProcess.emit (events.js:185:7)
14 verbose stack     at maybeClose (internal/child_process.js:821:16)
14 verbose stack     at Process.ChildProcess._handle.onexit (internal/child_process.js:211:5)
15 verbose pkgid @
16 verbose cwd /Users/t.kallio/Projects/tmp/react-fullstack
17 error Darwin 14.5.0
18 error argv "/Users/t.kallio/.nvm/versions/node/v5.5.0/bin/node" "/Users/t.kallio/.nvm/versions/node/v5.5.0/bin/npm" "start"
19 error node v5.5.0
20 error npm  v3.8.0
21 error code ELIFECYCLE
22 error @ start: `node tools/run start`
22 error Exit status 1
23 error Failed at the @ start script 'node tools/run start'.
23 error Make sure you have the latest version of node.js and npm installed.
23 error If you do, this is most likely a problem with the  package,
23 error not with npm itself.
23 error Tell the author that this fails on your system:
23 error     node tools/run start
23 error You can get information on how to open an issue for this project with:
23 error     npm bugs
23 error Or if that isn't available, you can get their info via:
23 error     npm owner ls
23 error There is likely additional logging output above.
24 verbose exit [ 1, true ]
